<?xml version="1.0" encoding="UTF-8"?>
<!-- Generated by org.testng.reporters.JUnitReportReporter -->
<testsuite skipped="0" hostname="Roman-PC" name="mavenGit.gittest.AppTestG" tests="1" failures="0" timestamp="23 вер. 2017 14:08:28 GMT" time="13.714" errors="0">
  <testcase name="gitPush" time="13.714" classname="mavenGit.gittest.AppTestG"/>
</testsuite> <!-- mavenGit.gittest.AppTestG -->
